<?xml version="1.0" encoding="UTF-8"?>
<!-- Generated by org.testng.reporters.JUnitXMLReporter -->
<testsuite ignored="1" hostname="RaghavendraDamaraju" failures="1" tests="1" name="SmokeTests" time="0.076" errors="0" timestamp="2025-11-10T11:54:01 IST">
  <testcase classname="com.gps.development.PurchaseTests" name="GPS_VerifyAutomationLHS" time="0.015">
    <failure type="java.lang.NumberFormatException" message="Cannot parse null string">
      <![CDATA[java.lang.NumberFormatException: Cannot parse null string
at java.base/java.lang.Integer.parseInt(Integer.java:630)
at java.base/java.lang.Integer.valueOf(Integer.java:999)
at com.gps.development.PurchaseTests.GPS_VerifyAutomationLHS(PurchaseTests.java:20)
at java.base/java.util.ArrayList.forEach(ArrayList.java:1511)
... Removed 27 stack frames]]>
    </failure>
  </testcase> <!-- GPS_VerifyAutomationLHS -->
  <testcase classname="com.gps.development.PurchaseTests" name="testPurchaseWithoutStock" time="0.0">
    <ignored/>
  </testcase> <!-- testPurchaseWithoutStock -->
</testsuite> <!-- SmokeTests -->
