<?xml version="1.0" encoding="UTF-8"?>
<!-- Generated by org.testng.reporters.JUnitXMLReporter -->
<testsuite ignored="4" hostname="LAPTOP-M25UQFUP" failures="0" tests="3" name="Annual Signup" time="232.783" errors="0" timestamp="2026-04-16T14:37:23 IST">
  <testcase classname="com.gps.development.MilkManLoginWithMontlyTest" name="MilkManSignupMontly" time="92.287"/>
  <testcase classname="com.gps.development.MilkManSignupAnnuallyTest" name="MilkManSignupAnnually" time="35.78"/>
  <testcase classname="com.gps.development.MilkManLoginWithWeeklyTest" name="MilkManSignupWeekly" time="90.478"/>
  <testcase classname="com.gps.base.TestBase" name="@BeforeSuite startReport" time="0.0">
    <ignored/>
  </testcase> <!-- @BeforeSuite startReport -->
  <testcase classname="com.gps.base.TestBase" name="@AfterSuite endReport" time="0.0">
    <ignored/>
  </testcase> <!-- @AfterSuite endReport -->
  <testcase classname="com.gps.base.TestBase" name="@AfterSuite endReport" time="0.0">
    <ignored/>
  </testcase> <!-- @AfterSuite endReport -->
  <testcase classname="com.gps.base.TestBase" name="@BeforeSuite startReport" time="0.0">
    <ignored/>
  </testcase> <!-- @BeforeSuite startReport -->
</testsuite> <!-- Annual Signup -->
