<?xml version="1.0" encoding="UTF-8"?>
<!-- Generated by org.testng.reporters.JUnitXMLReporter -->
<testsuite ignored="4" hostname="LAPTOP-M25UQFUP" failures="0" tests="3" name="MOnthly user Signup" time="224.746" errors="0" timestamp="2026-04-16T17:36:03 IST">
  <testcase classname="com.gps.development.MilkManLoginWithMontlyTest" name="MilkManSignupMontly" time="68.881"/>
  <testcase classname="com.gps.development.MilkManSignupAnnuallyTest" name="MilkManSignupAnnually" time="69.229"/>
  <testcase classname="com.gps.development.MilkManLoginWithWeeklyTest" name="MilkManSignupWeekly" time="77.086"/>
  <testcase classname="com.gps.base.TestBase" name="@AfterSuite endReport" time="0.0">
    <ignored/>
  </testcase> <!-- @AfterSuite endReport -->
  <testcase classname="com.gps.base.TestBase" name="@AfterSuite endReport" time="0.0">
    <ignored/>
  </testcase> <!-- @AfterSuite endReport -->
  <testcase classname="com.gps.base.TestBase" name="@BeforeSuite startReport" time="0.0">
    <ignored/>
  </testcase> <!-- @BeforeSuite startReport -->
  <testcase classname="com.gps.base.TestBase" name="@BeforeSuite startReport" time="0.0">
    <ignored/>
  </testcase> <!-- @BeforeSuite startReport -->
</testsuite> <!-- MOnthly user Signup -->
