<?xml version="1.0" encoding="UTF-8"?>
<!-- Generated by org.testng.reporters.JUnitXMLReporter -->
<testsuite ignored="1" hostname="LAPTOP-M25UQFUP" failures="2" tests="2" name="Playwright-Chromium" time="73.965" errors="0" timestamp="2026-03-22T12:29:56 IST">
  <testcase classname="com.gps.development.AmazonLogin_TC001" name="jsonLoginTest" time="30.018">
    <failure type="com.microsoft.playwright.TimeoutError" message="Error {
  message=&amp;apos;Timeout 30000ms exceeded.
  name=&amp;apos;TimeoutError
  stack=&amp;apos;TimeoutError: Timeout 30000ms exceeded.
    at ProgressController.run (C:\Users\RAGHAV~1\AppData\Local\Temp\playwright-java-16646148815415471372\package\lib\server\progress.js:78:26)
    at Frame.fill (C:\Users\RAGHAV~1\AppData\Local\Temp\playwright-java-16646148815415471372\package\lib\server\frames.js:1041:23)
    at FrameDispatcher.fill (C:\Users\RAGHAV~1\AppData\Local\Temp\playwright-java-16646148815415471372\package\lib\server\dispatchers\frameDispatcher.js:170:30)
    at FrameDispatcher._handleCommand (C:\Users\RAGHAV~1\AppData\Local\Temp\playwright-java-16646148815415471372\package\lib\server\dispatchers\dispatcher.js:94:40)
    at DispatcherConnection.dispatch (C:\Users\RAGHAV~1\AppData\Local\Temp\playwright-java-16646148815415471372\package\lib\server\dispatchers\dispatcher.js:365:39)
}
Call log:
- waiting for locator(&amp;quot;#ap_email&amp;quot;)
">
      <![CDATA[com.microsoft.playwright.TimeoutError: Error {
  message='Timeout 30000ms exceeded.
  name='TimeoutError
  stack='TimeoutError: Timeout 30000ms exceeded.
    at ProgressController.run (C:\Users\RAGHAV~1\AppData\Local\Temp\playwright-java-16646148815415471372\package\lib\server\progress.js:78:26)
    at Frame.fill (C:\Users\RAGHAV~1\AppData\Local\Temp\playwright-java-16646148815415471372\package\lib\server\frames.js:1041:23)
    at FrameDispatcher.fill (C:\Users\RAGHAV~1\AppData\Local\Temp\playwright-java-16646148815415471372\package\lib\server\dispatchers\frameDispatcher.js:170:30)
    at FrameDispatcher._handleCommand (C:\Users\RAGHAV~1\AppData\Local\Temp\playwright-java-16646148815415471372\package\lib\server\dispatchers\dispatcher.js:94:40)
    at DispatcherConnection.dispatch (C:\Users\RAGHAV~1\AppData\Local\Temp\playwright-java-16646148815415471372\package\lib\server\dispatchers\dispatcher.js:365:39)
}
Call log:
- waiting for locator("#ap_email")

at com.microsoft.playwright.impl.WaitableResult.get(WaitableResult.java:52)
at com.microsoft.playwright.impl.ChannelOwner.runUntil(ChannelOwner.java:120)
at com.microsoft.playwright.impl.Connection.sendMessage(Connection.java:130)
at com.microsoft.playwright.impl.ChannelOwner.sendMessage(ChannelOwner.java:106)
at com.microsoft.playwright.impl.FrameImpl.fillImpl(FrameImpl.java:335)
at com.microsoft.playwright.impl.FrameImpl.lambda$fill$14(FrameImpl.java:325)
at com.microsoft.playwright.impl.LoggingSupport.lambda$withLogging$0(LoggingSupport.java:36)
at com.microsoft.playwright.impl.LoggingSupport.withLogging(LoggingSupport.java:47)
at com.microsoft.playwright.impl.ChannelOwner.withLogging(ChannelOwner.java:89)
at com.microsoft.playwright.impl.LoggingSupport.withLogging(LoggingSupport.java:35)
at com.microsoft.playwright.impl.FrameImpl.fill(FrameImpl.java:325)
at com.microsoft.playwright.impl.LocatorImpl.fill(LocatorImpl.java:226)
at com.microsoft.playwright.Locator.fill(Locator.java:2947)
at com.gps.pages_playwright.AmazonLoginPagePlaywright.login(AmazonLoginPagePlaywright.java:56)
at com.gps.development.AmazonLogin_TC001.jsonLoginTest(AmazonLogin_TC001.java:84)
at java.base/java.util.ArrayList.forEach(ArrayList.java:1604)
at java.base/java.util.concurrent.FutureTask.run(FutureTask.java:328)
at java.base/java.util.concurrent.ThreadPoolExecutor.runWorker(ThreadPoolExecutor.java:1090)
at java.base/java.util.concurrent.ThreadPoolExecutor$Worker.run(ThreadPoolExecutor.java:614)
at java.base/java.lang.Thread.run(Thread.java:1474)
Caused by: com.microsoft.playwright.TimeoutError: Error {
  message='Timeout 30000ms exceeded.
  name='TimeoutError
  stack='TimeoutError: Timeout 30000ms exceeded.
    at ProgressController.run (C:\Users\RAGHAV~1\AppData\Local\Temp\playwright-java-16646148815415471372\package\lib\server\progress.js:78:26)
    at Frame.fill (C:\Users\RAGHAV~1\AppData\Local\Temp\playwright-java-16646148815415471372\package\lib\server\frames.js:1041:23)
    at FrameDispatcher.fill (C:\Users\RAGHAV~1\AppData\Local\Temp\playwright-java-16646148815415471372\package\lib\server\dispatchers\frameDispatcher.js:170:30)
    at FrameDispatcher._handleCommand (C:\Users\RAGHAV~1\AppData\Local\Temp\playwright-java-16646148815415471372\package\lib\server\dispatchers\dispatcher.js:94:40)
    at DispatcherConnection.dispatch (C:\Users\RAGHAV~1\AppData\Local\Temp\playwright-java-16646148815415471372\package\lib\server\dispatchers\dispatcher.js:365:39)
}
Call log:
- waiting for locator("#ap_email")

at com.microsoft.playwright.impl.Connection.dispatch(Connection.java:254)
at com.microsoft.playwright.impl.Connection.processOneMessage(Connection.java:211)
at com.microsoft.playwright.impl.ChannelOwner.runUntil(ChannelOwner.java:118)
... 33 more
... Removed 15 stack frames]]>
    </failure>
  </testcase> <!-- jsonLoginTest -->
  <testcase classname="com.gps.development.AmazonLogin_TC001" name="jsonLoginTest" time="30.012">
    <failure type="com.microsoft.playwright.TimeoutError" message="Error {
  message=&amp;apos;Timeout 30000ms exceeded.
  name=&amp;apos;TimeoutError
  stack=&amp;apos;TimeoutError: Timeout 30000ms exceeded.
    at ProgressController.run (C:\Users\RAGHAV~1\AppData\Local\Temp\playwright-java-16646148815415471372\package\lib\server\progress.js:78:26)
    at Frame.fill (C:\Users\RAGHAV~1\AppData\Local\Temp\playwright-java-16646148815415471372\package\lib\server\frames.js:1041:23)
    at FrameDispatcher.fill (C:\Users\RAGHAV~1\AppData\Local\Temp\playwright-java-16646148815415471372\package\lib\server\dispatchers\frameDispatcher.js:170:30)
    at FrameDispatcher._handleCommand (C:\Users\RAGHAV~1\AppData\Local\Temp\playwright-java-16646148815415471372\package\lib\server\dispatchers\dispatcher.js:94:40)
    at DispatcherConnection.dispatch (C:\Users\RAGHAV~1\AppData\Local\Temp\playwright-java-16646148815415471372\package\lib\server\dispatchers\dispatcher.js:365:39)
}
Call log:
- waiting for locator(&amp;quot;#ap_email&amp;quot;)
">
      <![CDATA[com.microsoft.playwright.TimeoutError: Error {
  message='Timeout 30000ms exceeded.
  name='TimeoutError
  stack='TimeoutError: Timeout 30000ms exceeded.
    at ProgressController.run (C:\Users\RAGHAV~1\AppData\Local\Temp\playwright-java-16646148815415471372\package\lib\server\progress.js:78:26)
    at Frame.fill (C:\Users\RAGHAV~1\AppData\Local\Temp\playwright-java-16646148815415471372\package\lib\server\frames.js:1041:23)
    at FrameDispatcher.fill (C:\Users\RAGHAV~1\AppData\Local\Temp\playwright-java-16646148815415471372\package\lib\server\dispatchers\frameDispatcher.js:170:30)
    at FrameDispatcher._handleCommand (C:\Users\RAGHAV~1\AppData\Local\Temp\playwright-java-16646148815415471372\package\lib\server\dispatchers\dispatcher.js:94:40)
    at DispatcherConnection.dispatch (C:\Users\RAGHAV~1\AppData\Local\Temp\playwright-java-16646148815415471372\package\lib\server\dispatchers\dispatcher.js:365:39)
}
Call log:
- waiting for locator("#ap_email")

at com.microsoft.playwright.impl.WaitableResult.get(WaitableResult.java:52)
at com.microsoft.playwright.impl.ChannelOwner.runUntil(ChannelOwner.java:120)
at com.microsoft.playwright.impl.Connection.sendMessage(Connection.java:130)
at com.microsoft.playwright.impl.ChannelOwner.sendMessage(ChannelOwner.java:106)
at com.microsoft.playwright.impl.FrameImpl.fillImpl(FrameImpl.java:335)
at com.microsoft.playwright.impl.FrameImpl.lambda$fill$14(FrameImpl.java:325)
at com.microsoft.playwright.impl.LoggingSupport.lambda$withLogging$0(LoggingSupport.java:36)
at com.microsoft.playwright.impl.LoggingSupport.withLogging(LoggingSupport.java:47)
at com.microsoft.playwright.impl.ChannelOwner.withLogging(ChannelOwner.java:89)
at com.microsoft.playwright.impl.LoggingSupport.withLogging(LoggingSupport.java:35)
at com.microsoft.playwright.impl.FrameImpl.fill(FrameImpl.java:325)
at com.microsoft.playwright.impl.LocatorImpl.fill(LocatorImpl.java:226)
at com.microsoft.playwright.Locator.fill(Locator.java:2947)
at com.gps.pages_playwright.AmazonLoginPagePlaywright.login(AmazonLoginPagePlaywright.java:56)
at com.gps.development.AmazonLogin_TC001.jsonLoginTest(AmazonLogin_TC001.java:84)
at java.base/java.util.ArrayList.forEach(ArrayList.java:1604)
at java.base/java.util.concurrent.FutureTask.run(FutureTask.java:328)
at java.base/java.util.concurrent.ThreadPoolExecutor.runWorker(ThreadPoolExecutor.java:1090)
at java.base/java.util.concurrent.ThreadPoolExecutor$Worker.run(ThreadPoolExecutor.java:614)
at java.base/java.lang.Thread.run(Thread.java:1474)
Caused by: com.microsoft.playwright.TimeoutError: Error {
  message='Timeout 30000ms exceeded.
  name='TimeoutError
  stack='TimeoutError: Timeout 30000ms exceeded.
    at ProgressController.run (C:\Users\RAGHAV~1\AppData\Local\Temp\playwright-java-16646148815415471372\package\lib\server\progress.js:78:26)
    at Frame.fill (C:\Users\RAGHAV~1\AppData\Local\Temp\playwright-java-16646148815415471372\package\lib\server\frames.js:1041:23)
    at FrameDispatcher.fill (C:\Users\RAGHAV~1\AppData\Local\Temp\playwright-java-16646148815415471372\package\lib\server\dispatchers\frameDispatcher.js:170:30)
    at FrameDispatcher._handleCommand (C:\Users\RAGHAV~1\AppData\Local\Temp\playwright-java-16646148815415471372\package\lib\server\dispatchers\dispatcher.js:94:40)
    at DispatcherConnection.dispatch (C:\Users\RAGHAV~1\AppData\Local\Temp\playwright-java-16646148815415471372\package\lib\server\dispatchers\dispatcher.js:365:39)
}
Call log:
- waiting for locator("#ap_email")

at com.microsoft.playwright.impl.Connection.dispatch(Connection.java:254)
at com.microsoft.playwright.impl.Connection.processOneMessage(Connection.java:211)
at com.microsoft.playwright.impl.ChannelOwner.runUntil(ChannelOwner.java:118)
... 33 more
... Removed 15 stack frames]]>
    </failure>
  </testcase> <!-- jsonLoginTest -->
  <testcase classname="com.gps.development.AmazonLogin_TC001" name="excelLoginTest" time="0.0">
    <ignored/>
  </testcase> <!-- excelLoginTest -->
</testsuite> <!-- Playwright-Chromium -->
