<?xml version="1.0" encoding="UTF-8"?>
<!-- Generated by org.testng.reporters.JUnitXMLReporter -->
<testsuite ignored="1" hostname="LAPTOP-M25UQFUP" failures="0" tests="2" name="Selenium-Edge" time="3.603" errors="0" timestamp="2026-03-22T12:28:45 IST">
  <testcase classname="com.gps.development.AmazonLogin_TC001" name="jsonLoginTest" time="0.0">
    <skipped/>
  </testcase> <!-- jsonLoginTest -->
  <testcase classname="com.gps.development.AmazonLogin_TC001" name="jsonLoginTest" time="0.0">
    <skipped/>
  </testcase> <!-- jsonLoginTest -->
  <testcase classname="com.gps.development.AmazonLogin_TC001" name="excelLoginTest" time="0.0">
    <ignored/>
  </testcase> <!-- excelLoginTest -->
</testsuite> <!-- Selenium-Edge -->
