<?xml version="1.0" encoding="UTF-8"?>
<!-- Generated by org.testng.reporters.JUnitXMLReporter -->
<testsuite ignored="4" hostname="LAPTOP-M25UQFUP" failures="0" tests="3" name="Weekly TestCase" time="2.686" errors="0" timestamp="2026-04-16T10:29:50 IST">
  <testcase classname="com.gps.development.MilkManLoginWithMontlyTest" name="MilkManSignupMontly" time="0.001">
    <skipped/>
  </testcase> <!-- MilkManSignupMontly -->
  <testcase classname="com.gps.development.MilkManSignupAnnuallyTest" name="MilkManSignupAnnually" time="0.0">
    <skipped/>
  </testcase> <!-- MilkManSignupAnnually -->
  <testcase classname="com.gps.development.MilkManLoginWithWeeklyTest" name="MilkManSignupWeekly" time="0.005">
    <skipped/>
  </testcase> <!-- MilkManSignupWeekly -->
  <testcase classname="com.gps.base.TestBase" name="@BeforeSuite startReport" time="0.0">
    <ignored/>
  </testcase> <!-- @BeforeSuite startReport -->
  <testcase classname="com.gps.base.TestBase" name="@BeforeSuite startReport" time="0.0">
    <ignored/>
  </testcase> <!-- @BeforeSuite startReport -->
  <testcase classname="com.gps.base.TestBase" name="@AfterSuite endReport" time="0.0">
    <ignored/>
  </testcase> <!-- @AfterSuite endReport -->
  <testcase classname="com.gps.base.TestBase" name="@AfterSuite endReport" time="0.0">
    <ignored/>
  </testcase> <!-- @AfterSuite endReport -->
</testsuite> <!-- Weekly TestCase -->
