<?xml version="1.0" encoding="UTF-8"?>
<!-- Generated by org.testng.reporters.JUnitXMLReporter -->
<testsuite ignored="1" hostname="LAPTOP-M25UQFUP" failures="0" tests="2" name="Playwright Execution" time="0.133" errors="0" timestamp="2026-03-20T07:55:00 IST">
  <testcase classname="com.gps.base.TestBase" name="@BeforeMethod setUp" time="0.031">
    <failure type="java.lang.RuntimeException" message="Unsupported browser: playwright">
      <![CDATA[java.lang.RuntimeException: Unsupported browser: playwright
at com.gps.base.TestBase.setUp(TestBase.java:168)
at java.base/java.util.ArrayList.forEach(ArrayList.java:1604)
at java.base/java.util.concurrent.FutureTask.run(FutureTask.java:328)
at java.base/java.util.concurrent.ThreadPoolExecutor.runWorker(ThreadPoolExecutor.java:1090)
at java.base/java.util.concurrent.ThreadPoolExecutor$Worker.run(ThreadPoolExecutor.java:614)
at java.base/java.lang.Thread.run(Thread.java:1474)
... Removed 19 stack frames]]>
    </failure>
  </testcase> <!-- @BeforeMethod setUp -->
  <testcase classname="com.gps.base.TestBase" name="@BeforeMethod setUp" time="0.003">
    <failure type="java.lang.RuntimeException" message="Unsupported browser: playwright">
      <![CDATA[java.lang.RuntimeException: Unsupported browser: playwright
at com.gps.base.TestBase.setUp(TestBase.java:168)
at java.base/java.util.ArrayList.forEach(ArrayList.java:1604)
at java.base/java.util.concurrent.FutureTask.run(FutureTask.java:328)
at java.base/java.util.concurrent.ThreadPoolExecutor.runWorker(ThreadPoolExecutor.java:1090)
at java.base/java.util.concurrent.ThreadPoolExecutor$Worker.run(ThreadPoolExecutor.java:614)
at java.base/java.lang.Thread.run(Thread.java:1474)
... Removed 19 stack frames]]>
    </failure>
  </testcase> <!-- @BeforeMethod setUp -->
  <testcase classname="com.gps.development.AmazonLogin_TC001" name="jsonLoginTest" time="0.001">
    <skipped/>
  </testcase> <!-- jsonLoginTest -->
  <testcase classname="com.gps.development.AmazonLogin_TC001" name="jsonLoginTest" time="0.001">
    <skipped/>
  </testcase> <!-- jsonLoginTest -->
  <testcase classname="com.gps.development.AmazonLogin_TC001" name="excelLoginTest" time="0.0">
    <ignored/>
  </testcase> <!-- excelLoginTest -->
</testsuite> <!-- Playwright Execution -->
