<?xml version="1.0" encoding="UTF-8"?>
<!-- Generated by org.testng.reporters.JUnitXMLReporter -->
<testsuite ignored="2" hostname="LAPTOP-M25UQFUP" failures="0" tests="2" name="EXCEL APIs (PUT + DELETE)" time="1.636" errors="0" timestamp="2026-03-24T19:39:57 IST">
  <testcase classname="com.gps.developmentAPI.PutAPITest" name="runPutTests" time="0.929"/>
  <testcase classname="com.gps.developmentAPI.DeleteAPITest" name="runDeleteTests" time="0.701"/>
  <testcase classname="com.gps.baseAPI.APITestBase" name="@BeforeSuite startReport" time="0.0">
    <ignored/>
  </testcase> <!-- @BeforeSuite startReport -->
  <testcase classname="com.gps.baseAPI.APITestBase" name="@AfterSuite flushReport" time="0.0">
    <ignored/>
  </testcase> <!-- @AfterSuite flushReport -->
</testsuite> <!-- EXCEL APIs (PUT + DELETE) -->
