<?xml version="1.0" encoding="UTF-8"?>
<!-- Generated by org.testng.reporters.JUnitXMLReporter -->
<testsuite ignored="0" hostname="RaghavendraDamaraju" failures="0" tests="3" name="Default test" time="87.38" errors="0" timestamp="2024-12-17T18:06:05 IST">
  <testcase classname="com.testcase.testsuite.ETeki_Login" name="eTekiValidLogin" time="31.764"/>
  <testcase classname="com.testcase.testsuite.ETeki_Login" name="eTekiEmptyLogin" time="13.637"/>
  <testcase classname="com.testcase.testsuite.ETeki_Login" name="eTekiInvalidLogin" time="28.995"/>
</testsuite> <!-- Default test -->
