<?xml version="1.0" encoding="UTF-8"?>
<!-- Generated by org.testng.reporters.JUnitXMLReporter -->
<testsuite ignored="4" hostname="DESKTOP-P9S0QB9" failures="0" tests="2" name="Regression Assessment Suite" time="59.368" errors="0" timestamp="26 Apr 2023 07:54:55 GMT">
  <testcase classname="com.testcase.testsuite.NaukriUpdate" name="UserCreation" time="54.847"/>
  <testcase classname="com.testcase.testsuite.NaukriUpdate2" name="UserCreation" time="0.086"/>
  <testcase classname="com.base.web.TestBase" name="@BeforeSuite ReportGeneration" time="0.0">
    <ignored/>
  </testcase> <!-- @BeforeSuite ReportGeneration -->
  <testcase classname="com.base.web.TestBase" name="@BeforeTest setUp" time="0.0">
    <ignored/>
  </testcase> <!-- @BeforeTest setUp -->
  <testcase classname="com.base.web.TestBase" name="@AfterTest flushTest" time="0.0">
    <ignored/>
  </testcase> <!-- @AfterTest flushTest -->
  <testcase classname="com.base.web.TestBase" name="@AfterSuite tearDown" time="0.0">
    <ignored/>
  </testcase> <!-- @AfterSuite tearDown -->
</testsuite> <!-- Regression Assessment Suite -->
