<?xml version="1.0" encoding="UTF-8"?>
<!-- Generated by org.testng.reporters.JUnitXMLReporter -->
<testsuite ignored="16" hostname="LAPTOP-8HQPNJSF" failures="0" tests="5" name="Regression Assessment Suite" time="402.783" errors="0" timestamp="13 Apr 2023 10:16:49 GMT">
  <testcase classname="com.web.FlowchartAssessment.TC_001_Reg_AddAssessment" name="AddQuestions" time="58.877"/>
  <testcase classname="com.web.FlowchartAssessment.TC_002_Reg_EditAssessment" name="AddQuestions" time="60.165"/>
  <testcase classname="com.web.FlowchartAssessment.TC_003_Reg_FlowChart" name="AddQuestions" time="172.151"/>
  <testcase classname="com.web.FlowchartAssessment.TC_004_ProjectPlan" name="AddQuestions" time="52.51"/>
  <testcase classname="com.web.FlowchartAssessment.TC_005_Reg_AddPipeline" name="AddQuestions" time="49.105"/>
  <testcase classname="com.base.web.TestBase" name="@BeforeSuite ReportGeneration" time="0.0">
    <ignored/>
  </testcase> <!-- @BeforeSuite ReportGeneration -->
  <testcase classname="com.base.web.TestBase" name="@BeforeSuite ReportGeneration" time="0.0">
    <ignored/>
  </testcase> <!-- @BeforeSuite ReportGeneration -->
  <testcase classname="com.base.web.TestBase" name="@BeforeSuite ReportGeneration" time="0.0">
    <ignored/>
  </testcase> <!-- @BeforeSuite ReportGeneration -->
  <testcase classname="com.base.web.TestBase" name="@BeforeSuite ReportGeneration" time="0.0">
    <ignored/>
  </testcase> <!-- @BeforeSuite ReportGeneration -->
  <testcase classname="com.base.web.TestBase" name="@AfterTest flushTest" time="0.0">
    <ignored/>
  </testcase> <!-- @AfterTest flushTest -->
  <testcase classname="com.base.web.TestBase" name="@AfterTest flushTest" time="0.0">
    <ignored/>
  </testcase> <!-- @AfterTest flushTest -->
  <testcase classname="com.base.web.TestBase" name="@AfterTest flushTest" time="0.0">
    <ignored/>
  </testcase> <!-- @AfterTest flushTest -->
  <testcase classname="com.base.web.TestBase" name="@AfterTest flushTest" time="0.0">
    <ignored/>
  </testcase> <!-- @AfterTest flushTest -->
  <testcase classname="com.base.web.TestBase" name="@AfterSuite tearDown" time="0.0">
    <ignored/>
  </testcase> <!-- @AfterSuite tearDown -->
  <testcase classname="com.base.web.TestBase" name="@AfterSuite tearDown" time="0.0">
    <ignored/>
  </testcase> <!-- @AfterSuite tearDown -->
  <testcase classname="com.base.web.TestBase" name="@AfterSuite tearDown" time="0.0">
    <ignored/>
  </testcase> <!-- @AfterSuite tearDown -->
  <testcase classname="com.base.web.TestBase" name="@AfterSuite tearDown" time="0.0">
    <ignored/>
  </testcase> <!-- @AfterSuite tearDown -->
  <testcase classname="com.base.web.TestBase" name="@BeforeTest setUp" time="0.0">
    <ignored/>
  </testcase> <!-- @BeforeTest setUp -->
  <testcase classname="com.base.web.TestBase" name="@BeforeTest setUp" time="0.0">
    <ignored/>
  </testcase> <!-- @BeforeTest setUp -->
  <testcase classname="com.base.web.TestBase" name="@BeforeTest setUp" time="0.0">
    <ignored/>
  </testcase> <!-- @BeforeTest setUp -->
  <testcase classname="com.base.web.TestBase" name="@BeforeTest setUp" time="0.0">
    <ignored/>
  </testcase> <!-- @BeforeTest setUp -->
</testsuite> <!-- Regression Assessment Suite -->
