<?xml version="1.0" encoding="UTF-8"?>
<!-- Generated by org.testng.reporters.JUnitXMLReporter -->
<testsuite ignored="12" hostname="LAPTOP-8HQPNJSF" failures="0" tests="4" name="UserCreation_Functionality" time="113.204" errors="0" timestamp="27 Feb 2023 04:10:20 GMT">
  <testcase classname="com.web.testcases.UserCreation" name="User" time="0.207"/>
  <testcase classname="com.web.testcases.UserEdit" name="editUser" time="34.587"/>
  <testcase classname="com.web.testcases.UserSetting" name="UserSettings" time="31.405"/>
  <testcase classname="com.web.testcases.UserDelete" name="deleteUser" time="40.605"/>
  <testcase classname="com.base.web.TestBase" name="@BeforeSuite ReportGeneration" time="0.0">
    <ignored/>
  </testcase> <!-- @BeforeSuite ReportGeneration -->
  <testcase classname="com.base.web.TestBase" name="@BeforeSuite ReportGeneration" time="0.0">
    <ignored/>
  </testcase> <!-- @BeforeSuite ReportGeneration -->
  <testcase classname="com.base.web.TestBase" name="@BeforeSuite ReportGeneration" time="0.0">
    <ignored/>
  </testcase> <!-- @BeforeSuite ReportGeneration -->
  <testcase classname="com.base.web.TestBase" name="@BeforeTest setUp" time="0.0">
    <ignored/>
  </testcase> <!-- @BeforeTest setUp -->
  <testcase classname="com.base.web.TestBase" name="@BeforeTest setUp" time="0.0">
    <ignored/>
  </testcase> <!-- @BeforeTest setUp -->
  <testcase classname="com.base.web.TestBase" name="@BeforeTest setUp" time="0.0">
    <ignored/>
  </testcase> <!-- @BeforeTest setUp -->
  <testcase classname="com.base.web.TestBase" name="@AfterTest flushTest" time="0.0">
    <ignored/>
  </testcase> <!-- @AfterTest flushTest -->
  <testcase classname="com.base.web.TestBase" name="@AfterTest flushTest" time="0.0">
    <ignored/>
  </testcase> <!-- @AfterTest flushTest -->
  <testcase classname="com.base.web.TestBase" name="@AfterTest flushTest" time="0.0">
    <ignored/>
  </testcase> <!-- @AfterTest flushTest -->
  <testcase classname="com.base.web.TestBase" name="@AfterSuite tearDown" time="0.0">
    <ignored/>
  </testcase> <!-- @AfterSuite tearDown -->
  <testcase classname="com.base.web.TestBase" name="@AfterSuite tearDown" time="0.0">
    <ignored/>
  </testcase> <!-- @AfterSuite tearDown -->
  <testcase classname="com.base.web.TestBase" name="@AfterSuite tearDown" time="0.0">
    <ignored/>
  </testcase> <!-- @AfterSuite tearDown -->
</testsuite> <!-- UserCreation_Functionality -->
