<?xml version="1.0" encoding="UTF-8"?>
<!-- Generated by org.testng.reporters.JUnitXMLReporter -->
<testsuite ignored="4" hostname="RaghavendraDamaraju" failures="0" tests="6" name="Parallel Test" time="256.099" errors="0" timestamp="2024-12-12T18:11:33 IST">
  <testcase classname="com.testcase.testsuite.ETeki_Login" name="eTekiValidLogin" time="31.606"/>
  <testcase classname="com.testcase.testsuite.ETeki_Login" name="eTekiEmptyLogin" time="13.727"/>
  <testcase classname="com.testcase.testsuite.ETeki_Login" name="eTekiInvalidLogin" time="28.91"/>
  <testcase classname="com.testcase.testsuite.ETeki_JobCreation" name="emptyCreateJob" time="42.661"/>
  <testcase classname="com.testcase.testsuite.ETeki_JobCreation" name="invalidCreateJob" time="43.39"/>
  <testcase classname="com.testcase.testsuite.ETeki_JobCreation" name="validCreateJob" time="83.3"/>
  <testcase classname="com.base.web.TestBase" name="@BeforeSuite ReportGeneration" time="0.0">
    <ignored/>
  </testcase> <!-- @BeforeSuite ReportGeneration -->
  <testcase classname="com.base.web.TestBase" name="@BeforeTest setUp" time="0.0">
    <ignored/>
  </testcase> <!-- @BeforeTest setUp -->
  <testcase classname="com.base.web.TestBase" name="@AfterTest flushTest" time="0.0">
    <ignored/>
  </testcase> <!-- @AfterTest flushTest -->
  <testcase classname="com.base.web.TestBase" name="@AfterSuite tearDown" time="0.0">
    <ignored/>
  </testcase> <!-- @AfterSuite tearDown -->
</testsuite> <!-- Parallel Test -->
