<?xml version="1.0" encoding="UTF-8"?>
<!-- Generated by org.testng.reporters.JUnitXMLReporter -->
<testsuite ignored="3" hostname="RaghavendraDamaraju" failures="0" tests="0" time="0.012" errors="0" timestamp="2025-01-10T09:51:46 IST">
  <testcase classname="com.gps.testsuite.ETeki_Login" name="eTekiInvalidLogin" time="0.0">
    <ignored/>
  </testcase> <!-- eTekiInvalidLogin -->
  <testcase classname="com.gps.testsuite.ETeki_Login" name="eTekiEmptyLogin" time="0.0">
    <ignored/>
  </testcase> <!-- eTekiEmptyLogin -->
  <testcase classname="com.gps.testsuite.ETeki_Login" name="eTekiValidLogin" time="0.0">
    <ignored/>
  </testcase> <!-- eTekiValidLogin -->
</testsuite>
