<?xml version="1.0" encoding="UTF-8"?>
<!-- Generated by org.testng.reporters.JUnitXMLReporter -->
<testsuite ignored="0" hostname="RaghavendraDamaraju" failures="1" tests="1" name="ETeki_AddCandidate" time="0.062" errors="0" timestamp="2024-12-08T00:53:56 IST">
  <testcase classname="com.testcase.testsuite.ETeki_AddCandidate" name="addCandidate" time="0.011">
    <failure type="java.lang.NumberFormatException" message="Cannot parse null string">
      <![CDATA[java.lang.NumberFormatException: Cannot parse null string
at java.base/java.lang.Integer.parseInt(Integer.java:630)
at java.base/java.lang.Integer.valueOf(Integer.java:999)
at com.testcase.testsuite.ETeki_AddCandidate.addCandidate(ETeki_AddCandidate.java:21)
at java.base/java.util.ArrayList.forEach(ArrayList.java:1511)
... Removed 27 stack frames]]>
    </failure>
  </testcase> <!-- addCandidate -->
</testsuite> <!-- ETeki_AddCandidate -->
