<?xml version="1.0" encoding="UTF-8"?>
<!-- Generated by org.testng.reporters.JUnitXMLReporter -->
<testsuite ignored="6" hostname="HYDPCM219697L" failures="0" tests="3" name="LabelsButtonCheck" time="24.789" errors="0" timestamp="09 May 2022 15:30:00 GMT">
  <testcase classname="com.web.testcases.TC001" name="loginAsManager" time="7.628"/>
  <testcase classname="com.web.testcases.TC002" name="loginAsManager" time="0.011"/>
  <testcase classname="com.web.testcases.TC003" name="loginAsManager" time="14.795"/>
  <testcase classname="com.base.web.TestBase" name="@BeforeSuite setUp" time="0.0">
    <ignored/>
  </testcase> <!-- @BeforeSuite setUp -->
  <testcase classname="com.base.web.TestBase" name="@BeforeSuite setUp" time="0.0">
    <ignored/>
  </testcase> <!-- @BeforeSuite setUp -->
  <testcase classname="com.base.web.TestBase" name="@AfterTest afterManager" time="0.0">
    <ignored/>
  </testcase> <!-- @AfterTest afterManager -->
  <testcase classname="com.base.web.TestBase" name="@AfterTest afterManager" time="0.0">
    <ignored/>
  </testcase> <!-- @AfterTest afterManager -->
  <testcase classname="com.base.web.TestBase" name="@AfterSuite tearDown" time="0.0">
    <ignored/>
  </testcase> <!-- @AfterSuite tearDown -->
  <testcase classname="com.base.web.TestBase" name="@AfterSuite tearDown" time="0.0">
    <ignored/>
  </testcase> <!-- @AfterSuite tearDown -->
</testsuite> <!-- LabelsButtonCheck -->
