<?xml version="1.0" encoding="UTF-8"?>
<!-- Generated by org.testng.reporters.JUnitXMLReporter -->
<testsuite ignored="6" hostname="RaghavendraDamaraju" failures="0" tests="0" time="0.02" errors="0" timestamp="2024-12-12T16:17:31 IST">
  <testcase classname="com.testcase.testsuite.ETeki_Login" name="eTekiValidLogin" time="0.0">
    <ignored/>
  </testcase> <!-- eTekiValidLogin -->
  <testcase classname="com.testcase.testsuite.ETeki_JobCreation" name="validCreateJob" time="0.0">
    <ignored/>
  </testcase> <!-- validCreateJob -->
  <testcase classname="com.testcase.testsuite.ETeki_Login" name="eTekiInvalidLogin" time="0.0">
    <ignored/>
  </testcase> <!-- eTekiInvalidLogin -->
  <testcase classname="com.testcase.testsuite.ETeki_JobCreation" name="emptyCreateJob" time="0.0">
    <ignored/>
  </testcase> <!-- emptyCreateJob -->
  <testcase classname="com.testcase.testsuite.ETeki_Login" name="eTekiEmptyLogin" time="0.0">
    <ignored/>
  </testcase> <!-- eTekiEmptyLogin -->
  <testcase classname="com.testcase.testsuite.ETeki_JobCreation" name="invalidCreateJob" time="0.0">
    <ignored/>
  </testcase> <!-- invalidCreateJob -->
</testsuite>
