<?xml version="1.0" encoding="UTF-8"?>
<testng-results ignored="0" total="1" passed="1" failed="0" skipped="0">
  <reporter-output>
  </reporter-output>
  <suite started-at="2023-08-28T06:46:50Z" name="Default suite" finished-at="2023-08-28T06:47:14Z" duration-ms="23155">
    <groups>
    </groups>
    <test started-at="2023-08-28T06:46:50Z" name="Default test" finished-at="2023-08-28T06:47:14Z" duration-ms="23155">
      <class name="com.testcase.testsuite.AmazonLogin_TC001">
        <test-method is-config="true" signature="ReportGeneration()[pri:0, instance:com.testcase.testsuite.AmazonLogin_TC001@333dd51e]" started-at="2023-08-28T12:16:50Z" name="ReportGeneration" finished-at="2023-08-28T12:16:50Z" duration-ms="133" status="PASS">
          <reporter-output>
          </reporter-output>
        </test-method> <!-- ReportGeneration -->
        <test-method is-config="true" signature="setUp()[pri:0, instance:com.testcase.testsuite.AmazonLogin_TC001@333dd51e]" started-at="2023-08-28T12:16:50Z" name="setUp" finished-at="2023-08-28T12:16:56Z" duration-ms="6090" status="PASS">
          <reporter-output>
          </reporter-output>
        </test-method> <!-- setUp -->
        <test-method signature="Amazon_Login_TC001()[pri:0, instance:com.testcase.testsuite.AmazonLogin_TC001@333dd51e]" started-at="2023-08-28T12:16:56Z" name="Amazon_Login_TC001" finished-at="2023-08-28T12:17:14Z" duration-ms="17050" status="PASS">
          <reporter-output>
          </reporter-output>
        </test-method> <!-- Amazon_Login_TC001 -->
        <test-method is-config="true" signature="flushTest()[pri:0, instance:com.testcase.testsuite.AmazonLogin_TC001@333dd51e]" started-at="2023-08-28T12:17:14Z" name="flushTest" finished-at="2023-08-28T12:17:14Z" duration-ms="0" status="PASS">
          <reporter-output>
          </reporter-output>
        </test-method> <!-- flushTest -->
        <test-method is-config="true" signature="tearDown()[pri:0, instance:com.testcase.testsuite.AmazonLogin_TC001@333dd51e]" started-at="2023-08-28T12:17:14Z" name="tearDown" finished-at="2023-08-28T12:17:15Z" duration-ms="987" status="PASS">
          <reporter-output>
          </reporter-output>
        </test-method> <!-- tearDown -->
      </class> <!-- com.testcase.testsuite.AmazonLogin_TC001 -->
    </test> <!-- Default test -->
  </suite> <!-- Default suite -->
</testng-results>
