<?xml version="1.0" encoding="UTF-8"?>
<!-- Generated by org.testng.reporters.JUnitReportReporter -->
<testsuite hostname="RaghavendraDamaraju" failures="0" tests="13" name="modifiedCode_Raghav.GPS_CreateOpportunityTest" time="444.501" errors="0" timestamp="2025-06-07T09:03:14 IST" skipped="0">
  <testcase classname="modifiedCode_Raghav.GPS_CreateOpportunityTest" name="GPS_VerifyTasksWithEmptyData" time="39.236"/>
  <system-out/>
  <testcase classname="modifiedCode_Raghav.GPS_CreateOpportunityTest" name="GPS_VerifyCreateOpportunityOption" time="24.341"/>
  <system-out/>
  <testcase classname="modifiedCode_Raghav.GPS_CreateOpportunityTest" name="GPS_VerifyAddAppointmentWithEmptyData" time="24.582"/>
  <system-out/>
  <testcase classname="modifiedCode_Raghav.GPS_CreateOpportunityTest" name="GPS_VerifyNotesOption" time="26.223"/>
  <system-out/>
  <testcase classname="modifiedCode_Raghav.GPS_CreateOpportunityTest" name="GPS_VerifyNotesWithValidData" time="34.886"/>
  <system-out/>
  <testcase classname="modifiedCode_Raghav.GPS_CreateOpportunityTest" name="GPS_VerifyNotesByDeletingData" time="29.430"/>
  <system-out/>
  <testcase classname="modifiedCode_Raghav.GPS_CreateOpportunityTest" name="GPS_VerifyNotesWithEmptyData" time="30.542"/>
  <system-out/>
  <testcase classname="modifiedCode_Raghav.GPS_CreateOpportunityTest" name="GPS_VerifyAddAppointmentOption" time="27.391"/>
  <system-out/>
  <testcase classname="modifiedCode_Raghav.GPS_CreateOpportunityTest" name="GPS_VerifyTasksOption" time="37.755"/>
  <system-out/>
  <testcase classname="modifiedCode_Raghav.GPS_CreateOpportunityTest" name="GPS_VerifyCreateOpportunityWithEmptyData" time="23.464"/>
  <system-out/>
  <testcase classname="modifiedCode_Raghav.GPS_CreateOpportunityTest" name="GPS_VerifyTasksWithValidData" time="56.168"/>
  <system-out/>
  <testcase classname="modifiedCode_Raghav.GPS_CreateOpportunityTest" name="GPS_VerifyAddAppointmentWithValidData" time="53.872"/>
  <system-out/>
  <testcase classname="modifiedCode_Raghav.GPS_CreateOpportunityTest" name="GPS_VerifyNotesByEditingData" time="36.611"/>
  <system-out/>
</testsuite> <!-- modifiedCode_Raghav.GPS_CreateOpportunityTest -->
