<?xml version="1.0" encoding="UTF-8"?>
<!-- Generated by org.testng.reporters.JUnitReportReporter -->
<testsuite hostname="RaghavendraDamaraju" failures="0" tests="5" name="com.gps.development.GPS_ForgotPasswordTest" time="0.296" errors="0" timestamp="2025-02-04T18:40:34 IST" skipped="0">
  <testcase classname="com.gps.development.GPS_ForgotPasswordTest" name="forgotPasswordLinkUIFields" time="0.100"/>
  <system-out/>
  <testcase classname="com.gps.development.GPS_ForgotPasswordTest" name="enterValidEmail" time="0.016"/>
  <system-out/>
  <testcase classname="com.gps.development.GPS_ForgotPasswordTest" name="emailRequire" time="0.047"/>
  <system-out/>
  <testcase classname="com.gps.development.GPS_ForgotPasswordTest" name="userNOTExist" time="0.133"/>
  <system-out/>
  <testcase classname="com.gps.development.GPS_ForgotPasswordTest" name="TermsConditions" time="0.000"/>
  <system-out/>
</testsuite> <!-- com.gps.development.GPS_ForgotPasswordTest -->
