<?xml version="1.0" encoding="UTF-8"?>
<!-- Generated by org.testng.reporters.JUnitReportReporter -->
<testsuite hostname="RaghavendraDamaraju" failures="0" tests="6" name="modifiedCode_Raghav.GPS_Settings_PropertyFeeTest" time="124.330" errors="0" timestamp="2025-06-08T20:18:20 IST" skipped="0">
  <testcase classname="modifiedCode_Raghav.GPS_Settings_PropertyFeeTest" name="GPS_SysAdmin_PropertyFee" time="20.864"/>
  <system-out/>
  <testcase classname="modifiedCode_Raghav.GPS_Settings_PropertyFeeTest" name="GPS_SaveButton" time="39.758"/>
  <system-out/>
  <testcase classname="modifiedCode_Raghav.GPS_Settings_PropertyFeeTest" name="GPS_User_PropertyFee" time="14.634"/>
  <system-out/>
  <testcase classname="modifiedCode_Raghav.GPS_Settings_PropertyFeeTest" name="GPS_PropertyFee_DisplayFields" time="16.802"/>
  <system-out/>
  <testcase classname="modifiedCode_Raghav.GPS_Settings_PropertyFeeTest" name="GPS_PropertyFee_TaxCheckbox" time="16.792"/>
  <system-out/>
  <testcase classname="modifiedCode_Raghav.GPS_Settings_PropertyFeeTest" name="GPS_VerifyProperties" time="15.480"/>
  <system-out/>
</testsuite> <!-- modifiedCode_Raghav.GPS_Settings_PropertyFeeTest -->
