<?xml version="1.0" encoding="UTF-8"?>
<!-- Generated by org.testng.reporters.JUnitReportReporter -->
<testsuite hostname="RaghavendraDamaraju" failures="0" tests="10" name="modifiedCode_Raghav.GPS_EditUserTest" time="348.304" errors="0" timestamp="2025-08-30T10:14:07 IST" skipped="0">
  <testcase classname="modifiedCode_Raghav.GPS_EditUserTest" name="editPhoneNumberinEditUserPopUp" time="47.484"/>
  <system-out/>
  <testcase classname="modifiedCode_Raghav.GPS_EditUserTest" name="editUserRoleFromAUser_AdmininEditUserPopUp" time="35.084"/>
  <system-out/>
  <testcase classname="modifiedCode_Raghav.GPS_EditUserTest" name="editEmailinEditUserPopUp" time="53.024"/>
  <system-out/>
  <testcase classname="modifiedCode_Raghav.GPS_EditUserTest" name="editLastNameinEditUserPopUp" time="27.571"/>
  <system-out/>
  <testcase classname="modifiedCode_Raghav.GPS_EditUserTest" name="editFirstNameinEditUserPopUp" time="34.867"/>
  <system-out/>
  <testcase classname="modifiedCode_Raghav.GPS_EditUserTest" name="validateCancelbuttoninEditPopup" time="24.661"/>
  <system-out/>
  <testcase classname="modifiedCode_Raghav.GPS_EditUserTest" name="editUserRoleFromAdmin_UserinEditUserPopUp" time="25.918"/>
  <system-out/>
  <testcase classname="modifiedCode_Raghav.GPS_EditUserTest" name="invalidSearch" time="20.642"/>
  <system-out/>
  <testcase classname="modifiedCode_Raghav.GPS_EditUserTest" name="validateEditUserFields" time="48.262"/>
  <system-out/>
  <testcase classname="modifiedCode_Raghav.GPS_EditUserTest" name="editPasswordinEditUserPopUp" time="30.791"/>
  <system-out/>
</testsuite> <!-- modifiedCode_Raghav.GPS_EditUserTest -->
