<?xml version="1.0" encoding="UTF-8"?>
<!-- Generated by org.testng.reporters.JUnitReportReporter -->
<testsuite hostname="RaghavendraDamaraju" failures="0" tests="2" name="modifiedCode_Raghav.GPS_AddToSequenceTest" time="73.016" errors="0" timestamp="2025-06-07T09:03:14 IST" skipped="0">
  <testcase classname="modifiedCode_Raghav.GPS_AddToSequenceTest" name="GPS_VerifyActiveSequencesOption" time="24.215"/>
  <system-out/>
  <testcase classname="modifiedCode_Raghav.GPS_AddToSequenceTest" name="GPS_VerifyActiveSequencesFields" time="48.801"/>
  <system-out/>
</testsuite> <!-- modifiedCode_Raghav.GPS_AddToSequenceTest -->
