<?xml version="1.0" encoding="UTF-8"?>
<!-- Generated by org.testng.reporters.JUnitReportReporter -->
<testsuite hostname="RaghavendraDamaraju" failures="0" tests="5" name="modifiedCode_Raghav.GPS_AllCountriesTest" time="158.028" errors="0" timestamp="2025-06-08T13:04:47 IST" skipped="0">
  <testcase classname="modifiedCode_Raghav.GPS_AllCountriesTest" name="GPS_VerifyStateMandatoryField" time="25.826"/>
  <system-out/>
  <testcase classname="modifiedCode_Raghav.GPS_AllCountriesTest" name="GPS_OrganizationCountryList" time="25.701"/>
  <system-out/>
  <testcase classname="modifiedCode_Raghav.GPS_AllCountriesTest" name="GPS_MemberManagement" time="50.008"/>
  <system-out/>
  <testcase classname="modifiedCode_Raghav.GPS_AllCountriesTest" name="GPS_OrganizationContactUpdate" time="20.078"/>
  <system-out/>
  <testcase classname="modifiedCode_Raghav.GPS_AllCountriesTest" name="GPS_ContactsListCountries" time="36.415"/>
  <system-out/>
</testsuite> <!-- modifiedCode_Raghav.GPS_AllCountriesTest -->
