<?xml version="1.0" encoding="UTF-8"?>
<!-- Generated by org.testng.reporters.JUnitReportReporter -->
<testsuite hostname="RaghavendraDamaraju" failures="0" tests="3" name="com.gps.development.GPS_SysAdmin_UploadFiles" time="126.956" errors="0" timestamp="2025-06-07T13:35:28 IST" skipped="0">
  <testcase classname="com.gps.development.GPS_SysAdmin_UploadFiles" name="GPS_AddUserWithMoreThan25MB" time="29.049"/>
  <system-out/>
  <testcase classname="com.gps.development.GPS_SysAdmin_UploadFiles" name="GPS_AddUserWithValidUploadFiles" time="74.489"/>
  <system-out/>
  <testcase classname="com.gps.development.GPS_SysAdmin_UploadFiles" name="GPS_AddUserWithInvalidProfileImage" time="23.418"/>
  <system-out/>
</testsuite> <!-- com.gps.development.GPS_SysAdmin_UploadFiles -->
