<?xml version="1.0" encoding="UTF-8"?>
<!-- Generated by org.testng.reporters.JUnitReportReporter -->
<testsuite hostname="RaghavendraDamaraju" failures="0" tests="4" name="com.gps.development.GPS_Sequence_Combine" time="43.363" errors="0" timestamp="2025-10-12T20:55:03 IST" skipped="3">
  <testcase classname="com.gps.development.GPS_Sequence_Combine" name="GPS_VerifyelipsesMoveTOFolderFunctionality" time="43.363"/>
  <system-out/>
  <testcase classname="com.gps.development.GPS_Sequence_Combine" name="GPS_VerifyelipsesNotInFolderFunctionality">
    <skipped/>
  </testcase> <!-- GPS_VerifyelipsesNotInFolderFunctionality -->
  <system-out/>
  <testcase classname="com.gps.development.GPS_Sequence_Combine" name="GPS_VerifyMoveFolder">
    <skipped/>
  </testcase> <!-- GPS_VerifyMoveFolder -->
  <system-out/>
  <testcase classname="com.gps.development.GPS_Sequence_Combine" name="GPS_VerifyCallSelectdaysdropdown">
    <skipped/>
  </testcase> <!-- GPS_VerifyCallSelectdaysdropdown -->
  <system-out/>
</testsuite> <!-- com.gps.development.GPS_Sequence_Combine -->
