<?xml version="1.0" encoding="UTF-8"?>
<!-- Generated by org.testng.reporters.JUnitReportReporter -->
<testsuite hostname="RaghavendraDamaraju" failures="0" tests="1" name="com.gps.development.GPS_Sequence_TriggerTestCases" time="188.374" errors="0" timestamp="2025-09-22T11:00:53 IST" skipped="0">
  <testcase classname="com.gps.development.GPS_Sequence_TriggerTestCases" name="GPS_VerifyAddtask_TC_52_53_54_55_56_57" time="188.374"/>
  <system-out/>
</testsuite> <!-- com.gps.development.GPS_Sequence_TriggerTestCases -->
