<?xml version="1.0" encoding="UTF-8"?>
<!-- Generated by org.testng.reporters.JUnitReportReporter -->
<testsuite hostname="RaghavendraDamaraju" failures="0" tests="32" name="modifiedCode_Raghav.GPS_UserManagementTest" time="1049.806" errors="0" timestamp="2025-08-30T13:37:49 IST" skipped="2">
  <testcase classname="modifiedCode_Raghav.GPS_UserManagementTest" name="GPS_InvalidSymbolsLastname" time="27.004"/>
  <system-out/>
  <testcase classname="modifiedCode_Raghav.GPS_UserManagementTest" name="editEmailinEditUserPopUp" time="46.252"/>
  <system-out/>
  <testcase classname="modifiedCode_Raghav.GPS_UserManagementTest" name="GPS_AddUserWithInvalidEmailandPhoneNumber" time="26.457"/>
  <system-out/>
  <testcase classname="modifiedCode_Raghav.GPS_UserManagementTest" name="Gps_UserManagementUI" time="21.425"/>
  <system-out/>
  <testcase classname="modifiedCode_Raghav.GPS_UserManagementTest" name="Gps_SearchWithUserName" time="19.232"/>
  <system-out/>
  <testcase classname="modifiedCode_Raghav.GPS_UserManagementTest" name="GPS_AddUserWithInvalidProfileImage" time="38.781"/>
  <system-out/>
  <testcase classname="modifiedCode_Raghav.GPS_UserManagementTest" name="editPasswordinEditUserPopUp" time="46.254"/>
  <system-out/>
  <testcase classname="modifiedCode_Raghav.GPS_UserManagementTest" name="validatedeletebutton" time="18.485"/>
  <system-out/>
  <testcase classname="modifiedCode_Raghav.GPS_UserManagementTest" name="Gps_SearchWithPhoneNumber" time="19.474"/>
  <system-out/>
  <testcase classname="modifiedCode_Raghav.GPS_UserManagementTest" name="editPhoneNumberinEditUserPopUp" time="44.636"/>
  <system-out/>
  <testcase classname="modifiedCode_Raghav.GPS_UserManagementTest" name="GPS_ClearText" time="30.908"/>
  <system-out/>
  <testcase classname="modifiedCode_Raghav.GPS_UserManagementTest" name="Gps_SearchWithPartialTextName" time="19.968"/>
  <system-out/>
  <testcase classname="modifiedCode_Raghav.GPS_UserManagementTest" name="GPS_AddUserWithValidData" time="34.649"/>
  <system-out/>
  <testcase classname="modifiedCode_Raghav.GPS_UserManagementTest" name="GPS_AddUserWithInvalidPassword" time="47.778"/>
  <system-out/>
  <testcase classname="modifiedCode_Raghav.GPS_UserManagementTest" name="validateDeletePopup" time="18.847"/>
  <system-out/>
  <testcase classname="modifiedCode_Raghav.GPS_UserManagementTest" name="GPS_AddUserWithEmptyData" time="29.618"/>
  <system-out/>
  <testcase classname="modifiedCode_Raghav.GPS_UserManagementTest" name="GPS_InvalidSymbolsFirstName" time="22.285"/>
  <system-out/>
  <testcase classname="modifiedCode_Raghav.GPS_UserManagementTest" name="Gps_SearchWithEmail" time="20.249"/>
  <system-out/>
  <testcase classname="modifiedCode_Raghav.GPS_UserManagementTest" name="editLastNameinEditUserPopUp" time="45.327"/>
  <system-out/>
  <testcase classname="modifiedCode_Raghav.GPS_UserManagementTest" name="GPS_AddUserWithMoreThan25MB" time="40.601"/>
  <system-out/>
  <testcase classname="modifiedCode_Raghav.GPS_UserManagementTest" name="validateCancelbuttoninEditPopup" time="20.371"/>
  <system-out/>
  <testcase classname="modifiedCode_Raghav.GPS_UserManagementTest" name="GPS_AddUserWithExistingEmail" time="28.201"/>
  <system-out/>
  <testcase classname="modifiedCode_Raghav.GPS_UserManagementTest" name="editFirstNameinEditUserPopUp" time="47.734"/>
  <system-out/>
  <testcase classname="modifiedCode_Raghav.GPS_UserManagementTest" name="Gps_SearchWithUserRole" time="21.318"/>
  <system-out/>
  <testcase classname="modifiedCode_Raghav.GPS_UserManagementTest" name="deleteUser" time="24.279"/>
  <system-out/>
  <testcase classname="modifiedCode_Raghav.GPS_UserManagementTest" name="invalidSearch" time="15.837"/>
  <system-out/>
  <testcase classname="modifiedCode_Raghav.GPS_UserManagementTest" name="validateEditUserFields" time="45.285"/>
  <system-out/>
  <testcase classname="modifiedCode_Raghav.GPS_UserManagementTest" name="GPS_ValidateEliteAdminPermissions" time="78.134"/>
  <system-out/>
  <testcase classname="modifiedCode_Raghav.GPS_UserManagementTest" name="GPS_AddUserWithValidUploadFiles" time="78.562"/>
  <system-out/>
  <testcase classname="modifiedCode_Raghav.GPS_UserManagementTest" name="GPS_ValidateEliteUserPermissions" time="71.855"/>
  <system-out/>
  <testcase classname="modifiedCode_Raghav.GPS_UserManagementTest" name="editUserRoleFromAUser_AdmininEditUserPopUp">
    <skipped/>
  </testcase> <!-- editUserRoleFromAUser_AdmininEditUserPopUp -->
  <system-out/>
  <testcase classname="modifiedCode_Raghav.GPS_UserManagementTest" name="editUserRoleFromAdmin_UserinEditUserPopUp">
    <skipped/>
  </testcase> <!-- editUserRoleFromAdmin_UserinEditUserPopUp -->
  <system-out/>
</testsuite> <!-- modifiedCode_Raghav.GPS_UserManagementTest -->
