<?xml version="1.0" encoding="UTF-8"?>
<!-- Generated by org.testng.reporters.JUnitReportReporter -->
<testsuite hostname="RaghavendraDamaraju" failures="0" tests="1" name="com.gps.testsuite.GPS_Settings_CustomValues" time="44.028" errors="0" timestamp="2025-06-17T12:15:51 IST" skipped="0">
  <testcase classname="com.gps.testsuite.GPS_Settings_CustomValues" name="GPS_AddValidDataInAddCustomValuesPopup" time="44.028"/>
  <system-out/>
</testsuite> <!-- com.gps.testsuite.GPS_Settings_CustomValues -->
