<?xml version="1.0" encoding="UTF-8"?>
<!-- Generated by org.testng.reporters.JUnitReportReporter -->
<testsuite hostname="RaghavendraDamaraju" failures="0" tests="22" name="modifiedCode_Raghav.GPS_OrganizationTest" time="0.083" errors="0" timestamp="2025-08-25T21:15:58 IST" skipped="0">
  <testcase classname="modifiedCode_Raghav.GPS_OrganizationTest" name="GPS_VerifyAddOrganizationFields" time="0.005"/>
  <system-out/>
  <testcase classname="modifiedCode_Raghav.GPS_OrganizationTest" name="GPS_VerifyStreetAddressAllowAlphaNumericSpecialCharacters" time="0.003"/>
  <system-out/>
  <testcase classname="modifiedCode_Raghav.GPS_OrganizationTest" name="GPS_VerifyEditOrganizationMandatoryFieldErrors" time="0.006"/>
  <system-out/>
  <testcase classname="modifiedCode_Raghav.GPS_OrganizationTest" name="GPS_VerifySwitchOrganziation" time="0.002"/>
  <system-out/>
  <testcase classname="modifiedCode_Raghav.GPS_OrganizationTest" name="GPS_VerifyFirstNameLastNameValidations" time="0.002"/>
  <system-out/>
  <testcase classname="modifiedCode_Raghav.GPS_OrganizationTest" name="GPS_VerifyOrganizationTypeDropdown" time="0.003"/>
  <system-out/>
  <testcase classname="modifiedCode_Raghav.GPS_OrganizationTest" name="GPS_VerifyDeleteOrganizationPopUp" time="0.003"/>
  <system-out/>
  <testcase classname="modifiedCode_Raghav.GPS_OrganizationTest" name="GPS_VerifyEditOrganizationUpdate" time="0.002"/>
  <system-out/>
  <testcase classname="modifiedCode_Raghav.GPS_OrganizationTest" name="GPS_VerifyEditOrganizationUI" time="0.003"/>
  <system-out/>
  <testcase classname="modifiedCode_Raghav.GPS_OrganizationTest" name="GPS_VerifyEditOrganizationCancel" time="0.004"/>
  <system-out/>
  <testcase classname="modifiedCode_Raghav.GPS_OrganizationTest" name="GPS_VerifyOrganizationInvalidSearch" time="0.003"/>
  <system-out/>
  <testcase classname="modifiedCode_Raghav.GPS_OrganizationTest" name="GPS_VerifyEnterValidEmail" time="0.003"/>
  <system-out/>
  <testcase classname="modifiedCode_Raghav.GPS_OrganizationTest" name="GPS_VerifyCityRequired" time="0.005"/>
  <system-out/>
  <testcase classname="modifiedCode_Raghav.GPS_OrganizationTest" name="GPS_VerifyOrganizationSettings" time="0.003"/>
  <system-out/>
  <testcase classname="modifiedCode_Raghav.GPS_OrganizationTest" name="GPS_VerifythecontentoftheOrganizationPage" time="0.003"/>
  <system-out/>
  <testcase classname="modifiedCode_Raghav.GPS_OrganizationTest" name="GPS_VerifyAddOrganizationMandatoryFieldsErrors" time="0.004"/>
  <system-out/>
  <testcase classname="modifiedCode_Raghav.GPS_OrganizationTest" name="GPS_VerifyPhoneNumberAcceptNumbers" time="0.003"/>
  <system-out/>
  <testcase classname="modifiedCode_Raghav.GPS_OrganizationTest" name="GPS_VerifyAddOrganizationCancel" time="0.013"/>
  <system-out/>
  <testcase classname="modifiedCode_Raghav.GPS_OrganizationTest" name="GPS_VerifyOrganizationSearch" time="0.004"/>
  <system-out/>
  <testcase classname="modifiedCode_Raghav.GPS_OrganizationTest" name="GPS_VerifyWebsiteFormatError" time="0.002"/>
  <system-out/>
  <testcase classname="modifiedCode_Raghav.GPS_OrganizationTest" name="GPS_VerifyBusinessNameAllowAlphaNumericSpecialCharacters" time="0.003"/>
  <system-out/>
  <testcase classname="modifiedCode_Raghav.GPS_OrganizationTest" name="GPS_VerifySelectCountryDropdown" time="0.004"/>
  <system-out/>
</testsuite> <!-- modifiedCode_Raghav.GPS_OrganizationTest -->
