<?xml version="1.0" encoding="UTF-8"?>
<!-- Generated by org.testng.reporters.JUnitReportReporter -->
<testsuite hostname="RaghavendraDamaraju" failures="0" tests="3" name="com.testcase.testsuite.ETeki_Login" time="74.396" errors="0" timestamp="2024-12-17T18:06:07 IST" skipped="0">
  <testcase classname="com.testcase.testsuite.ETeki_Login" name="eTekiValidLogin" time="31.764"/>
  <system-out/>
  <testcase classname="com.testcase.testsuite.ETeki_Login" name="eTekiEmptyLogin" time="13.637"/>
  <system-out/>
  <testcase classname="com.testcase.testsuite.ETeki_Login" name="eTekiInvalidLogin" time="28.995"/>
  <system-out/>
</testsuite> <!-- com.testcase.testsuite.ETeki_Login -->
