<?xml version="1.0" encoding="UTF-8"?>
<!-- Generated by org.testng.reporters.JUnitReportReporter -->
<testsuite hostname="RaghavendraDamaraju" failures="0" tests="3" name="com.testcase.testsuite.ETeki_Login" time="72.889" errors="0" timestamp="2024-12-24T08:38:47 IST" skipped="0">
  <testcase classname="com.testcase.testsuite.ETeki_Login" name="eTekiValidLogin" time="30.947"/>
  <system-out/>
  <testcase classname="com.testcase.testsuite.ETeki_Login" name="eTekiEmptyLogin" time="13.342"/>
  <system-out/>
  <testcase classname="com.testcase.testsuite.ETeki_Login" name="eTekiInvalidLogin" time="28.600"/>
  <system-out/>
</testsuite> <!-- com.testcase.testsuite.ETeki_Login -->
