<?xml version="1.0" encoding="UTF-8"?>
<!-- Generated by org.testng.reporters.JUnitReportReporter -->
<testsuite hostname="RaghavendraDamaraju" failures="0" tests="1" name="modifiedCode_Raghav.GPS_CommunicationPanelTest" time="114.306" errors="0" timestamp="2025-08-26T19:39:25 IST" skipped="0">
  <testcase classname="modifiedCode_Raghav.GPS_CommunicationPanelTest" name="GPS_VerifyCommunicationPanelMenuAtLHS" time="114.306"/>
  <system-out/>
</testsuite> <!-- modifiedCode_Raghav.GPS_CommunicationPanelTest -->
