<?xml version="1.0" encoding="UTF-8"?>
<!-- Generated by org.testng.reporters.JUnitReportReporter -->
<testsuite hostname="RaghavendraDamaraju" failures="0" tests="1" name="com.gps.development.GPS_UserManagement_Permissions" time="0.273" errors="0" timestamp="2025-09-27T14:08:20 IST" skipped="0">
  <testcase classname="com.gps.development.GPS_UserManagement_Permissions" name="Gps_UserpermissionForDashboard" time="0.273"/>
  <system-out/>
</testsuite> <!-- com.gps.development.GPS_UserManagement_Permissions -->
