<?xml version="1.0" encoding="UTF-8"?>
<!-- Generated by org.testng.reporters.JUnitReportReporter -->
<testsuite hostname="RaghavendraDamaraju" failures="0" tests="1" name="com.testcase.testsuite.Eteki_EditJobPageMandatoryFields" time="55.358" errors="0" timestamp="2024-12-10T21:17:25 IST" skipped="0">
  <testcase classname="com.testcase.testsuite.Eteki_EditJobPageMandatoryFields" name="addCandidate" time="55.358"/>
  <system-out/>
</testsuite> <!-- com.testcase.testsuite.Eteki_EditJobPageMandatoryFields -->
