<?xml version="1.0" encoding="UTF-8"?>
<!-- Generated by org.testng.reporters.JUnitReportReporter -->
<testsuite hostname="RaghavendraDamaraju" failures="0" tests="7" name="com.gps.testsuite.GPS_MySettings" time="126.349" errors="0" timestamp="2025-08-25T21:11:28 IST" skipped="0">
  <testcase classname="com.gps.testsuite.GPS_MySettings" name="validateMySettingsFields" time="11.762"/>
  <system-out/>
  <testcase classname="com.gps.testsuite.GPS_MySettings" name="updateFieldsWithValidData" time="28.877"/>
  <system-out/>
  <testcase classname="com.gps.testsuite.GPS_MySettings" name="updateProfileWithInvalidData" time="29.583"/>
  <system-out/>
  <testcase classname="com.gps.testsuite.GPS_MySettings" name="addExistingEmail" time="9.585"/>
  <system-out/>
  <testcase classname="com.gps.testsuite.GPS_MySettings" name="validateChangePasswordScreen" time="7.174"/>
  <system-out/>
  <testcase classname="com.gps.testsuite.GPS_MySettings" name="passwordFieldValidation" time="9.384"/>
  <system-out/>
  <testcase classname="com.gps.testsuite.GPS_MySettings" name="changePasswordwithValidData" time="29.984"/>
  <system-out/>
</testsuite> <!-- com.gps.testsuite.GPS_MySettings -->
