<?xml version="1.0" encoding="UTF-8"?>
<!-- Generated by org.testng.reporters.JUnitReportReporter -->
<testsuite hostname="RaghavendraDamaraju" failures="0" tests="10" name="modifiedCode_Raghav.GPS_LoginTest" time="57.124" errors="0" timestamp="2025-08-26T19:31:15 IST" skipped="0">
  <testcase classname="modifiedCode_Raghav.GPS_LoginTest" name="forgotPasswordLinkUIFields" time="6.093"/>
  <system-out/>
  <testcase classname="modifiedCode_Raghav.GPS_LoginTest" name="loginPageTermsConditions" time="11.931"/>
  <system-out/>
  <testcase classname="modifiedCode_Raghav.GPS_LoginTest" name="TermsConditions" time="5.702"/>
  <system-out/>
  <testcase classname="modifiedCode_Raghav.GPS_LoginTest" name="requiredFields" time="0.535"/>
  <system-out/>
  <testcase classname="modifiedCode_Raghav.GPS_LoginTest" name="emailRequire" time="2.704"/>
  <system-out/>
  <testcase classname="modifiedCode_Raghav.GPS_LoginTest" name="enterValidEmail" time="4.983"/>
  <system-out/>
  <testcase classname="modifiedCode_Raghav.GPS_LoginTest" name="validEmailError" time="7.172"/>
  <system-out/>
  <testcase classname="modifiedCode_Raghav.GPS_LoginTest" name="userNOTExist" time="6.561"/>
  <system-out/>
  <testcase classname="modifiedCode_Raghav.GPS_LoginTest" name="loginPageUIFields" time="1.192"/>
  <system-out/>
  <testcase classname="modifiedCode_Raghav.GPS_LoginTest" name="validLogin" time="10.251"/>
  <system-out/>
</testsuite> <!-- modifiedCode_Raghav.GPS_LoginTest -->
