<?xml version="1.0" encoding="UTF-8"?>
<!-- Generated by org.testng.reporters.JUnitReportReporter -->
<testsuite hostname="RaghavendraDamaraju" failures="0" tests="3" name="com.testcase.testsuite.ETeki_AddCandidate" time="268.479" errors="0" timestamp="2024-12-16T14:53:31 IST" skipped="0">
  <testcase classname="com.testcase.testsuite.ETeki_AddCandidate" name="emptyAddCandidate" time="42.565"/>
  <system-out/>
  <testcase classname="com.testcase.testsuite.ETeki_AddCandidate" name="invalidAddCandidate" time="80.925"/>
  <system-out/>
  <testcase classname="com.testcase.testsuite.ETeki_AddCandidate" name="validAddCandidate" time="144.989"/>
  <system-out/>
</testsuite> <!-- com.testcase.testsuite.ETeki_AddCandidate -->
