<?xml version="1.0" encoding="UTF-8"?>
<!-- Generated by org.testng.reporters.JUnitReportReporter -->
<testsuite hostname="RaghavendraDamaraju" failures="0" tests="6" name="com.gps.development.GPS_LoginTest" time="32.594" errors="0" timestamp="2025-02-04T18:40:34 IST" skipped="0">
  <testcase classname="com.gps.development.GPS_LoginTest" name="loginPageUIFields" time="1.840"/>
  <system-out/>
  <testcase classname="com.gps.development.GPS_LoginTest" name="requiredFields" time="0.789"/>
  <system-out/>
  <testcase classname="com.gps.development.GPS_LoginTest" name="loginPageTermsConditions" time="3.551"/>
  <system-out/>
  <testcase classname="com.gps.development.GPS_LoginTest" name="invalidCredentials" time="0.016"/>
  <system-out/>
  <testcase classname="com.gps.development.GPS_LoginTest" name="validEmailError" time="3.938"/>
  <system-out/>
  <testcase classname="com.gps.development.GPS_LoginTest" name="validLogin" time="22.460"/>
  <system-out/>
</testsuite> <!-- com.gps.development.GPS_LoginTest -->
