<?xml version="1.0" encoding="UTF-8"?>
<!-- Generated by org.testng.reporters.JUnitReportReporter -->
<testsuite hostname="RaghavendraDamaraju" failures="0" tests="28" name="modifiedCode_Raghav.GPS_LeadQualificationTest" time="697.243" errors="0" timestamp="2025-08-27T19:09:00 IST" skipped="0">
  <testcase classname="modifiedCode_Raghav.GPS_LeadQualificationTest" name="Gps_InvalidDataValidationsinNewEmployeeInformationSection" time="20.483"/>
  <system-out/>
  <testcase classname="modifiedCode_Raghav.GPS_LeadQualificationTest" name="GPS_VerifyRightPane" time="23.188"/>
  <system-out/>
  <testcase classname="modifiedCode_Raghav.GPS_LeadQualificationTest" name="Gps_InvalidDataValidationsinContactInformationSection" time="21.270"/>
  <system-out/>
  <testcase classname="modifiedCode_Raghav.GPS_LeadQualificationTest" name="Gps_NewEmployeeInformationSection" time="18.879"/>
  <system-out/>
  <testcase classname="modifiedCode_Raghav.GPS_LeadQualificationTest" name="GPS_VerifyTheExtensionField" time="24.456"/>
  <system-out/>
  <testcase classname="modifiedCode_Raghav.GPS_LeadQualificationTest" name="GPS_VerifyTheLeadQualificationDeletion" time="28.394"/>
  <system-out/>
  <testcase classname="modifiedCode_Raghav.GPS_LeadQualificationTest" name="Gps_ExpansionNeedsSection" time="17.302"/>
  <system-out/>
  <testcase classname="modifiedCode_Raghav.GPS_LeadQualificationTest" name="GPS_VerifyTheEditFuncinRightPane" time="55.983"/>
  <system-out/>
  <testcase classname="modifiedCode_Raghav.GPS_LeadQualificationTest" name="GPS_VerifyTheClearButtonFunct" time="21.566"/>
  <system-out/>
  <testcase classname="modifiedCode_Raghav.GPS_LeadQualificationTest" name="GPS_VerifyLeadQualificationLinkinOpportunityCard" time="30.486"/>
  <system-out/>
  <testcase classname="modifiedCode_Raghav.GPS_LeadQualificationTest" name="GPS_VerifyTheUpdateButtoninRightPane" time="39.792"/>
  <system-out/>
  <testcase classname="modifiedCode_Raghav.GPS_LeadQualificationTest" name="GPS_VerifyTheSaveButtonFunct" time="30.646"/>
  <system-out/>
  <testcase classname="modifiedCode_Raghav.GPS_LeadQualificationTest" name="GPS_VerifyLeadQualificationLinkinContactsDetailsPage" time="36.636"/>
  <system-out/>
  <testcase classname="modifiedCode_Raghav.GPS_LeadQualificationTest" name="Gps_LeadQualificationPage" time="16.698"/>
  <system-out/>
  <testcase classname="modifiedCode_Raghav.GPS_LeadQualificationTest" name="Gps_InvalidDataValidationsinEmployeeInformationSection" time="18.781"/>
  <system-out/>
  <testcase classname="modifiedCode_Raghav.GPS_LeadQualificationTest" name="GPS_isInputFieldAcceptingSpecialCharactersorNot" time="31.407"/>
  <system-out/>
  <testcase classname="modifiedCode_Raghav.GPS_LeadQualificationTest" name="GPS_VerifyTheExtensionFieldwithInvalidData" time="22.257"/>
  <system-out/>
  <testcase classname="modifiedCode_Raghav.GPS_LeadQualificationTest" name="GPS_VerifyTheAddTagField" time="56.073"/>
  <system-out/>
  <testcase classname="modifiedCode_Raghav.GPS_LeadQualificationTest" name="Gps_ValidatetheSiteVisitScheduleCheckboxFields" time="19.101"/>
  <system-out/>
  <testcase classname="modifiedCode_Raghav.GPS_LeadQualificationTest" name="Gps_ContactInformationSection" time="17.038"/>
  <system-out/>
  <testcase classname="modifiedCode_Raghav.GPS_LeadQualificationTest" name="Gps_CenterPaneLeadQualificationPage" time="17.959"/>
  <system-out/>
  <testcase classname="modifiedCode_Raghav.GPS_LeadQualificationTest" name="Gps_VerifytheCraneSizeField" time="18.820"/>
  <system-out/>
  <testcase classname="modifiedCode_Raghav.GPS_LeadQualificationTest" name="Gps_EmployeeInformationSection" time="16.167"/>
  <system-out/>
  <testcase classname="modifiedCode_Raghav.GPS_LeadQualificationTest" name="Gps_LeftPaneLeadQualificationPage" time="17.001"/>
  <system-out/>
  <testcase classname="modifiedCode_Raghav.GPS_LeadQualificationTest" name="Gps_SearchFunctionality" time="21.103"/>
  <system-out/>
  <testcase classname="modifiedCode_Raghav.GPS_LeadQualificationTest" name="Gps_CompanyInformationSection" time="16.740"/>
  <system-out/>
  <testcase classname="modifiedCode_Raghav.GPS_LeadQualificationTest" name="Gps_InvalidDataValidationsinCompanyInformationSection" time="16.640"/>
  <system-out/>
  <testcase classname="modifiedCode_Raghav.GPS_LeadQualificationTest" name="Gps_InvalidDataValidationsinExpansionNeedsSection" time="22.377"/>
  <system-out/>
</testsuite> <!-- modifiedCode_Raghav.GPS_LeadQualificationTest -->
