<?xml version="1.0" encoding="UTF-8"?>
<!-- Generated by org.testng.reporters.JUnitReportReporter -->
<testsuite hostname="RaghavendraDamaraju" failures="0" tests="6" name="modifiedCode_Raghav.GPS_NewMessageTest" time="90.075" errors="0" timestamp="2025-06-06T19:29:26 IST" skipped="0">
  <testcase classname="modifiedCode_Raghav.GPS_NewMessageTest" name="GPS_VerifyTheNameField" time="15.277"/>
  <system-out/>
  <testcase classname="modifiedCode_Raghav.GPS_NewMessageTest" name="GPS_VerifySelectTemplateFieldInPopup" time="12.829"/>
  <system-out/>
  <testcase classname="modifiedCode_Raghav.GPS_NewMessageTest" name="GPS_VerifyNewMessageOnMiddelRail" time="13.824"/>
  <system-out/>
  <testcase classname="modifiedCode_Raghav.GPS_NewMessageTest" name="GPS_VerifyInvalidDataSubmissionInNewMessagePopup" time="16.524"/>
  <system-out/>
  <testcase classname="modifiedCode_Raghav.GPS_NewMessageTest" name="GPS_VerifyCloseAndXIconOnNewMessagePopup" time="15.728"/>
  <system-out/>
  <testcase classname="modifiedCode_Raghav.GPS_NewMessageTest" name="GPS_VerifyBlankFormSubmissionInNewMessagePopup" time="15.893"/>
  <system-out/>
</testsuite> <!-- modifiedCode_Raghav.GPS_NewMessageTest -->
