<?xml version="1.0" encoding="UTF-8"?>
<!-- Generated by org.testng.reporters.JUnitXMLReporter -->
<testsuite ignored="0" hostname="RaghavendraDamaraju" failures="1" tests="1" name="GroupedTests" time="0.329" errors="0" timestamp="2024-12-08T00:40:10 IST">
  <testcase classname="com.testcase.testsuite.ETeki_AddCandidate" name="addCandidate" time="0.269">
    <failure type="java.lang.NullPointerException" message="Cannot invoke &amp;quot;com.relevantcodes.extentreports.ExtentTest.log(com.relevantcodes.extentreports.LogStatus, String)&amp;quot; because &amp;quot;com.testcase.testsuite.ETeki_AddCandidate.test&amp;quot; is null">
      <![CDATA[java.lang.NullPointerException: Cannot invoke "com.relevantcodes.extentreports.ExtentTest.log(com.relevantcodes.extentreports.LogStatus, String)" because "com.testcase.testsuite.ETeki_AddCandidate.test" is null
at com.testcase.testsuite.ETeki_AddCandidate.addCandidate(ETeki_AddCandidate.java:215)
at java.base/java.util.ArrayList.forEach(ArrayList.java:1511)
... Removed 27 stack frames]]>
    </failure>
  </testcase> <!-- addCandidate -->
</testsuite> <!-- GroupedTests -->
